<?xml version="1.0" encoding="UTF-8"?>
<coverage generated="1584410623870" clover="3.2.0">
  <project timestamp="1584410623870" name="All files">
    <metrics statements="23" coveredstatements="16" conditionals="18" coveredconditionals="5" methods="4" coveredmethods="4" elements="45" coveredelements="25" complexity="0" loc="23" ncloc="23" packages="2" files="3" classes="3"/>
    <package name="lib">
      <metrics statements="16" coveredstatements="9" conditionals="16" coveredconditionals="5" methods="2" coveredmethods="2"/>
      <file name="app.js" path="/Users/anastasiamorozova/career-track/lab06/lib/app.js">
        <metrics statements="16" coveredstatements="9" conditionals="16" coveredconditionals="5" methods="2" coveredmethods="2"/>
        <line num="1" count="1" type="stmt"/>
        <line num="3" count="1" type="stmt"/>
        <line num="4" count="1" type="stmt"/>
        <line num="6" count="1" type="stmt"/>
        <line num="7" count="1" type="stmt"/>
        <line num="8" count="1" type="stmt"/>
        <line num="11" count="1" type="cond" truecount="2" falsecount="2"/>
        <line num="12" count="0" type="stmt"/>
        <line num="22" count="1" type="cond" truecount="3" falsecount="1"/>
        <line num="24" count="1" type="stmt"/>
        <line num="34" count="0" type="cond" truecount="0" falsecount="4"/>
        <line num="35" count="0" type="stmt"/>
        <line num="45" count="0" type="cond" truecount="0" falsecount="4"/>
        <line num="46" count="0" type="stmt"/>
        <line num="57" count="0" type="stmt"/>
        <line num="67" count="0" type="stmt"/>
      </file>
    </package>
    <package name="lib.utils.js">
      <metrics statements="7" coveredstatements="7" conditionals="2" coveredconditionals="0" methods="2" coveredmethods="2"/>
      <file name="createResponse.js" path="/Users/anastasiamorozova/career-track/lab06/lib/utils.js/createResponse.js">
        <metrics statements="3" coveredstatements="3" conditionals="2" coveredconditionals="0" methods="1" coveredmethods="1"/>
        <line num="1" count="2" type="cond" truecount="0" falsecount="2"/>
        <line num="2" count="1" type="stmt"/>
        <line num="12" count="2" type="stmt"/>
      </file>
      <file name="parseRequest.js" path="/Users/anastasiamorozova/career-track/lab06/lib/utils.js/parseRequest.js">
        <metrics statements="4" coveredstatements="4" conditionals="0" coveredconditionals="0" methods="1" coveredmethods="1"/>
        <line num="1" count="2" type="stmt"/>
        <line num="5" count="3" type="stmt"/>
        <line num="6" count="3" type="stmt"/>
        <line num="8" count="3" type="stmt"/>
      </file>
    </package>
  </project>
</coverage>
