<?xml version="1.0" encoding="UTF-8"?>
<coverage generated="1584396026565" clover="3.2.0">
  <project timestamp="1584396026565" name="All files">
    <metrics statements="4" coveredstatements="4" conditionals="2" coveredconditionals="0" methods="2" coveredmethods="2" elements="8" coveredelements="6" complexity="0" loc="4" ncloc="4" packages="1" files="2" classes="2"/>
    <file name="createResponse.js" path="/Users/anastasiamorozova/career-track/lab06/lib/utils.js/createResponse.js">
      <metrics statements="3" coveredstatements="3" conditionals="2" coveredconditionals="0" methods="1" coveredmethods="1"/>
      <line num="1" count="1" type="cond" truecount="0" falsecount="2"/>
      <line num="2" count="1" type="stmt"/>
      <line num="12" count="1" type="stmt"/>
    </file>
    <file name="parseRequest.js" path="/Users/anastasiamorozova/career-track/lab06/lib/utils.js/parseRequest.js">
      <metrics statements="1" coveredstatements="1" conditionals="0" coveredconditionals="0" methods="1" coveredmethods="1"/>
      <line num="1" count="1" type="stmt"/>
    </file>
  </project>
</coverage>
