{"/Users/anastasiamorozova/career-track/lab06/lib/app.js": {"path":"/Users/anastasiamorozova/career-track/lab06/lib/app.js","statementMap":{"0":{"start":{"line":1,"column":12},"end":{"line":1,"column":26}},"1":{"start":{"line":3,"column":21},"end":{"line":3,"column":63}},"2":{"start":{"line":4,"column":23},"end":{"line":4,"column":67}},"3":{"start":{"line":6,"column":0},"end":{"line":70,"column":3}},"4":{"start":{"line":7,"column":2},"end":{"line":69,"column":5}},"5":{"start":{"line":8,"column":20},"end":{"line":8,"column":49}},"6":{"start":{"line":11,"column":4},"end":{"line":68,"column":5}},"7":{"start":{"line":12,"column":6},"end":{"line":21,"column":10}},"8":{"start":{"line":22,"column":11},"end":{"line":68,"column":5}},"9":{"start":{"line":24,"column":6},"end":{"line":33,"column":10}},"10":{"start":{"line":34,"column":11},"end":{"line":68,"column":5}},"11":{"start":{"line":35,"column":6},"end":{"line":44,"column":10}},"12":{"start":{"line":45,"column":11},"end":{"line":68,"column":5}},"13":{"start":{"line":46,"column":6},"end":{"line":55,"column":10}},"14":{"start":{"line":57,"column":6},"end":{"line":66,"column":10}},"15":{"start":{"line":67,"column":6},"end":{"line":67,"column":108}}},"fnMap":{"0":{"name":"(anonymous_0)","decl":{"start":{"line":6,"column":34},"end":{"line":6,"column":35}},"loc":{"start":{"line":6,"column":44},"end":{"line":70,"column":1}},"line":6},"1":{"name":"(anonymous_1)","decl":{"start":{"line":7,"column":20},"end":{"line":7,"column":21}},"loc":{"start":{"line":7,"column":28},"end":{"line":69,"column":3}},"line":7}},"branchMap":{"0":{"loc":{"start":{"line":11,"column":4},"end":{"line":68,"column":5}},"type":"if","locations":[{"start":{"line":11,"column":4},"end":{"line":68,"column":5}},{"start":{"line":11,"column":4},"end":{"line":68,"column":5}}],"line":11},"1":{"loc":{"start":{"line":11,"column":7},"end":{"line":11,"column":55}},"type":"binary-expr","locations":[{"start":{"line":11,"column":7},"end":{"line":11,"column":27}},{"start":{"line":11,"column":31},"end":{"line":11,"column":55}}],"line":11},"2":{"loc":{"start":{"line":22,"column":11},"end":{"line":68,"column":5}},"type":"if","locations":[{"start":{"line":22,"column":11},"end":{"line":68,"column":5}},{"start":{"line":22,"column":11},"end":{"line":68,"column":5}}],"line":22},"3":{"loc":{"start":{"line":22,"column":14},"end":{"line":22,"column":65}},"type":"binary-expr","locations":[{"start":{"line":22,"column":14},"end":{"line":22,"column":37}},{"start":{"line":22,"column":41},"end":{"line":22,"column":65}}],"line":22},"4":{"loc":{"start":{"line":34,"column":11},"end":{"line":68,"column":5}},"type":"if","locations":[{"start":{"line":34,"column":11},"end":{"line":68,"column":5}},{"start":{"line":34,"column":11},"end":{"line":68,"column":5}}],"line":34},"5":{"loc":{"start":{"line":34,"column":14},"end":{"line":34,"column":66}},"type":"binary-expr","locations":[{"start":{"line":34,"column":14},"end":{"line":34,"column":38}},{"start":{"line":34,"column":42},"end":{"line":34,"column":66}}],"line":34},"6":{"loc":{"start":{"line":45,"column":11},"end":{"line":68,"column":5}},"type":"if","locations":[{"start":{"line":45,"column":11},"end":{"line":68,"column":5}},{"start":{"line":45,"column":11},"end":{"line":68,"column":5}}],"line":45},"7":{"loc":{"start":{"line":45,"column":14},"end":{"line":45,"column":67}},"type":"binary-expr","locations":[{"start":{"line":45,"column":14},"end":{"line":45,"column":39}},{"start":{"line":45,"column":43},"end":{"line":45,"column":67}}],"line":45}},"s":{"0":1,"1":1,"2":1,"3":1,"4":1,"5":1,"6":1,"7":0,"8":1,"9":1,"10":0,"11":0,"12":0,"13":0,"14":0,"15":0},"f":{"0":1,"1":1},"b":{"0":[0,1],"1":[1,0],"2":[1,0],"3":[1,1],"4":[0,0],"5":[0,0],"6":[0,0],"7":[0,0]},"_coverageSchema":"1a1c01bbd47fc00a2c39e90264f33305004495a9","hash":"a0368317f75b0060df6052b7513c4764d2b869e0"}
,"/Users/anastasiamorozova/career-track/lab06/lib/utils.js/createResponse.js": {"path":"/Users/anastasiamorozova/career-track/lab06/lib/utils.js/createResponse.js","statementMap":{"0":{"start":{"line":1,"column":23},"end":{"line":10,"column":1}},"1":{"start":{"line":2,"column":2},"end":{"line":9,"column":15}},"2":{"start":{"line":12,"column":0},"end":{"line":14,"column":2}}},"fnMap":{"0":{"name":"(anonymous_0)","decl":{"start":{"line":1,"column":23},"end":{"line":1,"column":24}},"loc":{"start":{"line":1,"column":83},"end":{"line":10,"column":1}},"line":1}},"branchMap":{"0":{"loc":{"start":{"line":1,"column":32},"end":{"line":1,"column":57}},"type":"default-arg","locations":[{"start":{"line":1,"column":46},"end":{"line":1,"column":57}}],"line":1},"1":{"loc":{"start":{"line":1,"column":59},"end":{"line":1,"column":76}},"type":"default-arg","locations":[{"start":{"line":1,"column":68},"end":{"line":1,"column":76}}],"line":1}},"s":{"0":2,"1":1,"2":2},"f":{"0":1},"b":{"0":[0],"1":[0]},"_coverageSchema":"1a1c01bbd47fc00a2c39e90264f33305004495a9","hash":"0b1afe4366918fae8998a559d63a3de105404bed"}
,"/Users/anastasiamorozova/career-track/lab06/lib/utils.js/parseRequest.js": {"path":"/Users/anastasiamorozova/career-track/lab06/lib/utils.js/parseRequest.js","statementMap":{"0":{"start":{"line":1,"column":0},"end":{"line":13,"column":2}},"1":{"start":{"line":5,"column":25},"end":{"line":5,"column":61}},"2":{"start":{"line":6,"column":19},"end":{"line":6,"column":47}},"3":{"start":{"line":8,"column":2},"end":{"line":12,"column":4}}},"fnMap":{"0":{"name":"(anonymous_0)","decl":{"start":{"line":1,"column":17},"end":{"line":1,"column":18}},"loc":{"start":{"line":1,"column":31},"end":{"line":13,"column":1}},"line":1}},"branchMap":{},"s":{"0":2,"1":3,"2":3,"3":3},"f":{"0":3},"b":{},"_coverageSchema":"1a1c01bbd47fc00a2c39e90264f33305004495a9","hash":"b2de01d42fbbaac335d54acd7e49e5579fe225ed"}
}
