{"/Users/anastasiamorozova/career-track/lab06/lib/utils.js/createResponse.js": {"path":"/Users/anastasiamorozova/career-track/lab06/lib/utils.js/createResponse.js","statementMap":{"0":{"start":{"line":1,"column":23},"end":{"line":10,"column":1}},"1":{"start":{"line":2,"column":2},"end":{"line":9,"column":15}},"2":{"start":{"line":12,"column":0},"end":{"line":14,"column":2}}},"fnMap":{"0":{"name":"(anonymous_0)","decl":{"start":{"line":1,"column":23},"end":{"line":1,"column":24}},"loc":{"start":{"line":1,"column":83},"end":{"line":10,"column":1}},"line":1}},"branchMap":{"0":{"loc":{"start":{"line":1,"column":32},"end":{"line":1,"column":57}},"type":"default-arg","locations":[{"start":{"line":1,"column":46},"end":{"line":1,"column":57}}],"line":1},"1":{"loc":{"start":{"line":1,"column":59},"end":{"line":1,"column":76}},"type":"default-arg","locations":[{"start":{"line":1,"column":68},"end":{"line":1,"column":76}}],"line":1}},"s":{"0":1,"1":1,"2":1},"f":{"0":1},"b":{"0":[0],"1":[0]},"_coverageSchema":"1a1c01bbd47fc00a2c39e90264f33305004495a9","hash":"0b1afe4366918fae8998a559d63a3de105404bed"}
,"/Users/anastasiamorozova/career-track/lab06/lib/utils.js/parseRequest.js": {"path":"/Users/anastasiamorozova/career-track/lab06/lib/utils.js/parseRequest.js","statementMap":{"0":{"start":{"line":1,"column":0},"end":{"line":13,"column":2}},"1":{"start":{"line":5,"column":25},"end":{"line":5,"column":61}},"2":{"start":{"line":6,"column":19},"end":{"line":6,"column":47}},"3":{"start":{"line":8,"column":2},"end":{"line":12,"column":4}}},"fnMap":{"0":{"name":"(anonymous_0)","decl":{"start":{"line":1,"column":17},"end":{"line":1,"column":18}},"loc":{"start":{"line":1,"column":31},"end":{"line":13,"column":1}},"line":1}},"branchMap":{},"s":{"0":1,"1":2,"2":2,"3":2},"f":{"0":2},"b":{},"_coverageSchema":"1a1c01bbd47fc00a2c39e90264f33305004495a9","hash":"b2de01d42fbbaac335d54acd7e49e5579fe225ed"}
}
